<?xml version="1.0" encoding="UTF-8"?>
<!-- Generated by org.testng.reporters.JUnitReportReporter -->
<testsuite hostname="DESKTOP-J7FNVMD" failures="0" tests="3" name="FooterTest" time="21.514" errors="0" timestamp="2022-10-07T17:39:24 EEST" skipped="0">
  <testcase classname="FooterTest" name="goToTariffsLink" time="7.966"/>
  <system-out/>
  <testcase classname="FooterTest" name="goToSellersHelpLink" time="5.584"/>
  <system-out/>
  <testcase classname="FooterTest" name="goToBuyersHelpLink" time="7.964"/>
  <system-out/>
</testsuite> <!-- FooterTest -->
